(Make2Dplots &) @0x7f346b3da0f0

****************************************
Minimizer is Minuit / Migrad
Chi2                      =  1.78609e-05
NDf                       =           86
Edm                       =  3.08659e-05
NCalls                    =          426
p0                        =  -0.00577757   +/-   0.000324977 
p1                        =    -0.627218   +/-   0.0631623   
p2                        =    0.0712693   +/-   0.068756    
p3                        =     0.391868   +/-   0.0117777   


****************************************
Minimizer is Minuit / Migrad
Chi2                      =   9.1444e-07
NDf                       =           86
Edm                       =   1.9336e-06
NCalls                    =          544
p0                        =  0.000252159   +/-   6.53695e-05 
p1                        =     -1.79892   +/-   0.0151082   
p2                        =    -0.944554   +/-   0.00997338  
p3                        =    0.0364022   +/-   0.00651429  


****************************************
Minimizer is Minuit / Migrad
Chi2                      =  2.43904e-06
NDf                       =           86
Edm                       =  5.26263e-07
NCalls                    =          843
p0                        =  -0.00280911   +/-   7.01551e-05 
p1                        =     -1.15624   +/-   0.00807027  
p2                        =    -0.436318   +/-   0.00407501  
p3                        =     0.281454   +/-   0.00132882  


****************************************
Minimizer is Minuit / Migrad
Chi2                      =  0.000911633
NDf                       =           86
Edm                       =  4.11127e-06
NCalls                    =          619
p0                        =     0.129447   +/-   0.00463482  
p1                        =    -0.658415   +/-   0.0131503   
p2                        =    -0.108521   +/-   0.0073706   
p3                        =    0.0221672   +/-   0.0063094   


****************************************
Minimizer is Minuit / Migrad
Chi2                      =  1.84648e-05
NDf                       =           86
Edm                       =  1.88844e-06
NCalls                    =          426
p0                        =   0.00582384   +/-   0.000141417 
p1                        =     0.628557   +/-   0.0135286   
p2                        =    0.0705086   +/-   0.0122915   
p3                        =     0.391989   +/-   0.00240015  


****************************************
Minimizer is Minuit / Migrad
Chi2                      =   1.9305e-05
NDf                       =           86
Edm                       =   2.2009e-06
NCalls                    =          423
p0                        =   0.00578737   +/-   0.000144528 
p1                        =     0.619398   +/-   0.0136452   
p2                        =    0.0764108   +/-   0.01252     
p3                        =     0.391983   +/-   0.00243219  


****************************************
Minimizer is Minuit / Migrad
Chi2                      =  2.05558e-05
NDf                       =           86
Edm                       =  2.45394e-05
NCalls                    =          415
p0                        =   0.00598455   +/-   0.000268321 
p1                        =     0.567814   +/-   0.0515657   
p2                        =     0.131026   +/-   0.0600806   
p3                        =     0.400617   +/-   0.00967634  


****************************************
Minimizer is Minuit / Migrad
Chi2                      =  1.69573e-06
NDf                       =           86
Edm                       =  8.26755e-07
NCalls                    =          524
p0                        =   0.00191447   +/-   6.42088e-05 
p1                        =      1.37493   +/-   0.00792967  
p2                        =     -0.56068   +/-   0.00313887  
p3                        =     0.240009   +/-   0.00117345  


****************************************
Minimizer is Minuit / Migrad
Chi2                      =  1.09836e-06
NDf                       =           86
Edm                       =  7.33764e-07
NCalls                    =          517
p0                        =   0.00194869   +/-   5.04853e-05 
p1                        =       1.4486   +/-   0.00651386  
p2                        =    -0.602822   +/-   0.00252788  
p3                        =     0.228779   +/-   0.000989477 


****************************************
Minimizer is Minuit / Migrad
Chi2                      =  6.91781e-06
NDf                       =           86
Edm                       =  5.14417e-07
NCalls                    =          517
p0                        =   0.00438575   +/-   0.000100789 
p1                        =     0.813244   +/-   0.0109374   
p2                        =     -0.16105   +/-   0.0075945   
p3                        =     0.348614   +/-   0.00178856  


****************************************
Minimizer is Minuit / Migrad
Chi2                      =  1.63502e-06
NDf                       =           86
Edm                       =  9.46843e-07
NCalls                    =          180
p0                        =  0.000605422   +/-   5.20226e-06  	 (limited)
p1                        =    0.0513838   +/-   0.000534806  	 (limited)
p2                        =     0.170742   +/-   0.000197812  	 (limited)
p3                        =     0.481617   +/-   0.00014354   	 (limited)


****************************************
Minimizer is Minuit / Migrad
Chi2                      =  1.72231e-07
NDf                       =           86
Edm                       =  8.19514e-08
NCalls                    =          205
p0                        =  0.000575483   +/-   1.31573e-06  	 (limited)
p1                        =    0.0732261   +/-   0.000129381  	 (limited)
p2                        =   -0.0372707   +/-   5.00286e-05  	 (limited)
p3                        =     0.383605   +/-   2.87375e-05  	 (limited)


****************************************
Minimizer is Minuit / Migrad
Chi2                      =  3.02156e-06
NDf                       =           86
Edm                       =  4.33065e-06
NCalls                    =          210
p0                        =  -0.00010646   +/-   7.55784e-06  	 (limited)
p1                        =    0.0638487   +/-   0.000903386  	 (limited)
p2                        =    -0.110391   +/-   0.000227261  	 (limited)
p3                        =     0.293274   +/-   0.000205344  	 (limited)


****************************************
Minimizer is Minuit / Migrad
Chi2                      =  1.72405e-07
NDf                       =           86
Edm                       =  8.25666e-08
NCalls                    =          205
p0                        =  0.000575464   +/-   1.32486e-06  	 (limited)
p1                        =    0.0732297   +/-   0.000129046  	 (limited)
p2                        =   -0.0373068   +/-   5.02791e-05  	 (limited)
p3                        =     0.383605   +/-   2.8085e-05   	 (limited)


****************************************
Minimizer is Minuit / Migrad
Chi2                      =  1.43718e-06
NDf                       =           86
Edm                       =  1.61582e-06
NCalls                    =          219
p0                        =  0.000115367   +/-   4.48257e-06  	 (limited)
p1                        =    0.0724363   +/-   0.00064171   	 (limited)
p2                        =   -0.0854327   +/-   0.000263973  	 (limited)
p3                        =      0.32355   +/-   9.71683e-05  	 (limited)


****************************************
Minimizer is Minuit / Migrad
Chi2                      =   1.3996e-06
NDf                       =           86
Edm                       =  1.75736e-06
NCalls                    =          206
p0                        =  0.000117298   +/-   5.51941e-06  	 (limited)
p1                        =    0.0817913   +/-   0.000542014  	 (limited)
p2                        =   -0.0953843   +/-   0.000257037  	 (limited)
p3                        =     0.321491   +/-   0.000128218  	 (limited)


****************************************
Minimizer is Minuit / Migrad
Chi2                      =  2.77436e-06
NDf                       =           86
Edm                       =  1.99565e-05
NCalls                    =          203
p0                        =  0.000776545   +/-   6.64195e-06  	 (limited)
p1                        =    0.0769433   +/-   0.000610237  	 (limited)
p2                        =    0.0727163   +/-   0.000272616  	 (limited)
p3                        =      0.47287   +/-   0.000177759  	 (limited)


****************************************
Minimizer is Minuit / Migrad
Chi2                      =   2.7523e-06
NDf                       =           86
Edm                       =  2.01463e-06
NCalls                    =          196
p0                        = -0.000526201   +/-   7.34503e-06  	 (limited)
p1                        =    0.0488454   +/-   0.000781442  	 (limited)
p2                        =    -0.106868   +/-   0.00020783   	 (limited)
p3                        =     0.267757   +/-   0.00011982   	 (limited)


****************************************
Minimizer is Minuit / Migrad
Chi2                      =  2.01653e-06
NDf                       =           86
Edm                       =  2.91884e-06
NCalls                    =          213
p0                        = -0.000186542   +/-   6.23587e-06  	 (limited)
p1                        =    0.0566701   +/-   0.00075179   	 (limited)
p2                        =   -0.0966292   +/-   0.000178381  	 (limited)
p3                        =     0.292546   +/-   9.73041e-05  	 (limited)


****************************************
Minimizer is Minuit / Migrad
Chi2                      =  1.41493e-07
NDf                       =           86
Edm                       =  8.16015e-08
NCalls                    =          225
p0                        =  0.000406729   +/-   1.04571e-06  	 (limited)
p1                        =    0.0438001   +/-   0.000198988  	 (limited)
p2                        =    0.0351652   +/-   6.66553e-05  	 (limited)
p3                        =     0.383906   +/-   3.95229e-05  	 (limited)

DONE
